<?xml version="1.0" encoding="UTF-8"?>
<testng-results ignored="0" total="1" passed="1" failed="0" skipped="0">
  <reporter-output>
  </reporter-output>
  <suite started-at="2023-01-10T08:47:10 IST" name="Default suite" finished-at="2023-01-10T08:47:16 IST" duration-ms="6198">
    <groups>
    </groups>
    <test started-at="2023-01-10T08:47:10 IST" name="Default test" finished-at="2023-01-10T08:47:16 IST" duration-ms="6198">
      <class name="com.testng.testcases.Tc01_login">
        <test-method is-config="true" signature="setUp()[pri:0, instance:com.testng.testcases.Tc01_login@1ffaf86]" started-at="2023-01-10T08:47:10 IST" name="setUp" finished-at="2023-01-10T08:47:15 IST" duration-ms="4773" status="PASS">
          <reporter-output>
          </reporter-output>
        </test-method> <!-- setUp -->
        <test-method signature="verifyLoginpage()[pri:1, instance:com.testng.testcases.Tc01_login@1ffaf86]" started-at="2023-01-10T08:47:15 IST" name="verifyLoginpage" description="verify login page" finished-at="2023-01-10T08:47:16 IST" duration-ms="1057" status="PASS">
          <reporter-output>
          </reporter-output>
        </test-method> <!-- verifyLoginpage -->
        <test-method is-config="true" signature="closeBrowser()[pri:0, instance:com.testng.testcases.Tc01_login@1ffaf86]" started-at="2023-01-10T08:47:16 IST" name="closeBrowser" finished-at="2023-01-10T08:47:16 IST" duration-ms="317" status="PASS">
          <reporter-output>
          </reporter-output>
        </test-method> <!-- closeBrowser -->
      </class> <!-- com.testng.testcases.Tc01_login -->
    </test> <!-- Default test -->
  </suite> <!-- Default suite -->
</testng-results>
